# JRE version: Java(TM) SE Runtime Environment 18.9 (11.0.16+11) (build 11.0.16+11-LTS-199)
# Java VM: Java HotSpot(TM) 64-Bit Server VM 18.9 (11.0.16+11-LTS-199, mixed mode, tiered, compressed oops, g1 gc, windows-amd64)
Heap:
 garbage-first heap   total 157696K, used 74566K [0x0000000080000000, 0x0000000100000000)
  region size 1024K, 65 young (66560K), 7 survivors (7168K)
 Metaspace       used 29605K, capacity 30493K, committed 30592K, reserved 1075200K
  class space    used 3513K, capacity 3907K, committed 3968K, reserved 1048576K
GC Heap History (10 events):
Event: 2.719 GC heap before
{Heap before GC invocations=4 (full 0):
 garbage-first heap   total 131072K, used 34874K [0x0000000080000000, 0x0000000100000000)
  region size 1024K, 28 young (28672K), 2 survivors (2048K)
 Metaspace       used 19031K, capacity 19633K, committed 19840K, reserved 1067008K
  class space    used 2092K, capacity 2339K, committed 2432K, reserved 1048576K
}
Event: 2.727 GC heap after
{Heap after GC invocations=5 (full 0):
 garbage-first heap   total 131072K, used 9326K [0x0000000080000000, 0x0000000100000000)
  region size 1024K, 3 young (3072K), 3 survivors (3072K)
 Metaspace       used 19031K, capacity 19633K, committed 19840K, reserved 1067008K
  class space    used 2092K, capacity 2339K, committed 2432K, reserved 1048576K
}
Event: 3.029 GC heap before
{Heap before GC invocations=5 (full 0):
 garbage-first heap   total 131072K, used 17518K [0x0000000080000000, 0x0000000100000000)
  region size 1024K, 12 young (12288K), 3 survivors (3072K)
 Metaspace       used 20570K, capacity 21155K, committed 21248K, reserved 1069056K
  class space    used 2283K, capacity 2511K, committed 2560K, reserved 1048576K
}
Event: 3.037 GC heap after
{Heap after GC invocations=6 (full 0):
 garbage-first heap   total 157696K, used 9562K [0x0000000080000000, 0x0000000100000000)
  region size 1024K, 3 young (3072K), 3 survivors (3072K)
 Metaspace       used 20570K, capacity 21155K, committed 21248K, reserved 1069056K
  class space    used 2283K, capacity 2511K, committed 2560K, reserved 1048576K
}
Event: 4.915 GC heap before
{Heap before GC invocations=7 (full 0):
 garbage-first heap   total 157696K, used 100698K [0x0000000080000000, 0x0000000100000000)
  region size 1024K, 92 young (94208K), 3 survivors (3072K)
 Metaspace       used 29321K, capacity 30140K, committed 30208K, reserved 1075200K
  class space    used 3487K, capacity 3834K, committed 3840K, reserved 1048576K
}
Event: 4.933 GC heap after
{Heap after GC invocations=8 (full 0):
 garbage-first heap   total 157696K, used 12722K [0x0000000080000000, 0x0000000100000000)
  region size 1024K, 6 young (6144K), 6 survivors (6144K)
 Metaspace       used 29321K, capacity 30140K, committed 30208K, reserved 1075200K
  class space    used 3487K, capacity 3834K, committed 3840K, reserved 1048576K
}
Event: 5.687 GC heap before
{Heap before GC invocations=8 (full 0):
 garbage-first heap   total 157696K, used 100786K [0x0000000080000000, 0x0000000100000000)
  region size 1024K, 92 young (94208K), 6 survivors (6144K)
 Metaspace       used 29383K, capacity 30180K, committed 30336K, reserved 1075200K
  class space    used 3494K, capacity 3867K, committed 3968K, reserved 1048576K
}
Event: 5.706 GC heap after
{Heap after GC invocations=9 (full 0):
 garbage-first heap   total 157696K, used 15254K [0x0000000080000000, 0x0000000100000000)
  region size 1024K, 8 young (8192K), 8 survivors (8192K)
 Metaspace       used 29383K, capacity 30180K, committed 30336K, reserved 1075200K
  class space    used 3494K, capacity 3867K, committed 3968K, reserved 1048576K
}
Event: 6.500 GC heap before
{Heap before GC invocations=9 (full 0):
 garbage-first heap   total 157696K, used 101270K [0x0000000080000000, 0x0000000100000000)
  region size 1024K, 92 young (94208K), 8 survivors (8192K)
 Metaspace       used 29388K, capacity 30180K, committed 30336K, reserved 1075200K
  class space    used 3495K, capacity 3867K, committed 3968K, reserved 1048576K
}
Event: 6.521 GC heap after
{Heap after GC invocations=10 (full 0):
 garbage-first heap   total 157696K, used 16198K [0x0000000080000000, 0x0000000100000000)
  region size 1024K, 7 young (7168K), 7 survivors (7168K)
 Metaspace       used 29388K, capacity 30180K, committed 30336K, reserved 1075200K
  class space    used 3495K, capacity 3867K, committed 3968K, reserved 1048576K
}

