# JRE version: Java(TM) SE Runtime Environment 18.9 (11.0.16+11) (build 11.0.16+11-LTS-199)
# Java VM: Java HotSpot(TM) 64-Bit Server VM 18.9 (11.0.16+11-LTS-199, mixed mode, tiered, compressed oops, g1 gc, windows-amd64)
Heap:
 garbage-first heap   total 221184K, used 41208K [0x0000000080000000, 0x0000000100000000)
  region size 1024K, 19 young (19456K), 7 survivors (7168K)
 Metaspace       used 29651K, capacity 30252K, committed 30336K, reserved 1083392K
  class space    used 3161K, capacity 3395K, committed 3456K, reserved 1048576K
GC Heap History (10 events):
Event: 3.344 GC heap before
{Heap before GC invocations=4 (full 0):
 garbage-first heap   total 131072K, used 39041K [0x0000000080000000, 0x0000000100000000)
  region size 1024K, 37 young (37888K), 3 survivors (3072K)
 Metaspace       used 19991K, capacity 20327K, committed 20480K, reserved 1067008K
  class space    used 2131K, capacity 2247K, committed 2304K, reserved 1048576K
}
Event: 3.363 GC heap after
{Heap after GC invocations=5 (full 0):
 garbage-first heap   total 157696K, used 8079K [0x0000000080000000, 0x0000000100000000)
  region size 1024K, 5 young (5120K), 5 survivors (5120K)
 Metaspace       used 19991K, capacity 20327K, committed 20480K, reserved 1067008K
  class space    used 2131K, capacity 2247K, committed 2304K, reserved 1048576K
}
Event: 4.782 GC heap before
{Heap before GC invocations=5 (full 0):
 garbage-first heap   total 157696K, used 97167K [0x0000000080000000, 0x0000000100000000)
  region size 1024K, 92 young (94208K), 5 survivors (5120K)
 Metaspace       used 20795K, capacity 21087K, committed 21248K, reserved 1069056K
  class space    used 2176K, capacity 2286K, committed 2304K, reserved 1048576K
}
Event: 4.827 GC heap after
{Heap after GC invocations=6 (full 0):
 garbage-first heap   total 157696K, used 18897K [0x0000000080000000, 0x0000000100000000)
  region size 1024K, 12 young (12288K), 12 survivors (12288K)
 Metaspace       used 20795K, capacity 21087K, committed 21248K, reserved 1069056K
  class space    used 2176K, capacity 2286K, committed 2304K, reserved 1048576K
}
Event: 4.966 GC heap before
{Heap before GC invocations=6 (full 0):
 garbage-first heap   total 157696K, used 26065K [0x0000000080000000, 0x0000000100000000)
  region size 1024K, 20 young (20480K), 12 survivors (12288K)
 Metaspace       used 20954K, capacity 21215K, committed 21248K, reserved 1069056K
  class space    used 2177K, capacity 2286K, committed 2304K, reserved 1048576K
}
Event: 4.999 GC heap after
{Heap after GC invocations=7 (full 0):
 garbage-first heap   total 157696K, used 20535K [0x0000000080000000, 0x0000000100000000)
  region size 1024K, 2 young (2048K), 2 survivors (2048K)
 Metaspace       used 20954K, capacity 21215K, committed 21248K, reserved 1069056K
  class space    used 2177K, capacity 2286K, committed 2304K, reserved 1048576K
}
Event: 5.813 GC heap before
{Heap before GC invocations=8 (full 0):
 garbage-first heap   total 157696K, used 55351K [0x0000000080000000, 0x0000000100000000)
  region size 1024K, 36 young (36864K), 2 survivors (2048K)
 Metaspace       used 21366K, capacity 21696K, committed 21888K, reserved 1069056K
  class space    used 2190K, capacity 2318K, committed 2432K, reserved 1048576K
}
Event: 5.823 GC heap after
{Heap after GC invocations=9 (full 0):
 garbage-first heap   total 157696K, used 23754K [0x0000000080000000, 0x0000000100000000)
  region size 1024K, 5 young (5120K), 5 survivors (5120K)
 Metaspace       used 21366K, capacity 21696K, committed 21888K, reserved 1069056K
  class space    used 2190K, capacity 2318K, committed 2432K, reserved 1048576K
}
Event: 7.274 GC heap before
{Heap before GC invocations=9 (full 0):
 garbage-first heap   total 157696K, used 74954K [0x0000000080000000, 0x0000000100000000)
  region size 1024K, 55 young (56320K), 5 survivors (5120K)
 Metaspace       used 24859K, capacity 25392K, committed 25600K, reserved 1073152K
  class space    used 2561K, capacity 2787K, committed 2816K, reserved 1048576K
}
Event: 7.295 GC heap after
{Heap after GC invocations=10 (full 0):
 garbage-first heap   total 221184K, used 26872K [0x0000000080000000, 0x0000000100000000)
  region size 1024K, 3 young (3072K), 3 survivors (3072K)
 Metaspace       used 24859K, capacity 25392K, committed 25600K, reserved 1073152K
  class space    used 2561K, capacity 2787K, committed 2816K, reserved 1048576K
}

