# JRE version: Java(TM) SE Runtime Environment 18.9 (11.0.16+11) (build 11.0.16+11-LTS-199)
# Java VM: Java HotSpot(TM) 64-Bit Server VM 18.9 (11.0.16+11-LTS-199, mixed mode, tiered, compressed oops, g1 gc, windows-amd64)
Heap:
 garbage-first heap   total 157696K, used 62464K [0x0000000080000000, 0x0000000100000000)
  region size 1024K, 26 young (26624K), 10 survivors (10240K)
 Metaspace       used 43623K, capacity 44486K, committed 44752K, reserved 1089536K
  class space    used 4545K, capacity 4884K, committed 4992K, reserved 1048576K
GC Heap History (10 events):
Event: 39.778 GC heap before
{Heap before GC invocations=9 (full 0):
 garbage-first heap   total 157696K, used 82203K [0x0000000080000000, 0x0000000100000000)
  region size 1024K, 68 young (69632K), 5 survivors (5120K)
 Metaspace       used 29675K, capacity 30083K, committed 30384K, reserved 1077248K
  class space    used 3132K, capacity 3277K, committed 3328K, reserved 1048576K
}
Event: 39.805 GC heap after
{Heap after GC invocations=10 (full 0):
 garbage-first heap   total 157696K, used 24576K [0x0000000080000000, 0x0000000100000000)
  region size 1024K, 9 young (9216K), 9 survivors (9216K)
 Metaspace       used 29675K, capacity 30083K, committed 30384K, reserved 1077248K
  class space    used 3132K, capacity 3277K, committed 3328K, reserved 1048576K
}
Event: 42.206 GC heap before
{Heap before GC invocations=10 (full 0):
 garbage-first heap   total 157696K, used 95232K [0x0000000080000000, 0x0000000100000000)
  region size 1024K, 78 young (79872K), 9 survivors (9216K)
 Metaspace       used 31619K, capacity 32243K, committed 32432K, reserved 1079296K
  class space    used 3294K, capacity 3530K, committed 3584K, reserved 1048576K
}
Event: 42.237 GC heap after
{Heap after GC invocations=11 (full 0):
 garbage-first heap   total 157696K, used 29456K [0x0000000080000000, 0x0000000100000000)
  region size 1024K, 10 young (10240K), 10 survivors (10240K)
 Metaspace       used 31619K, capacity 32243K, committed 32432K, reserved 1079296K
  class space    used 3294K, capacity 3530K, committed 3584K, reserved 1048576K
}
Event: 43.691 GC heap before
{Heap before GC invocations=11 (full 0):
 garbage-first heap   total 157696K, used 40720K [0x0000000080000000, 0x0000000100000000)
  region size 1024K, 21 young (21504K), 10 survivors (10240K)
 Metaspace       used 35215K, capacity 35772K, committed 35920K, reserved 1081344K
  class space    used 3762K, capacity 3987K, committed 4096K, reserved 1048576K
}
Event: 43.712 GC heap after
{Heap after GC invocations=12 (full 0):
 garbage-first heap   total 157696K, used 30584K [0x0000000080000000, 0x0000000100000000)
  region size 1024K, 6 young (6144K), 6 survivors (6144K)
 Metaspace       used 35215K, capacity 35772K, committed 35920K, reserved 1081344K
  class space    used 3762K, capacity 3987K, committed 4096K, reserved 1048576K
}
Event: 47.292 GC heap before
{Heap before GC invocations=13 (full 0):
 garbage-first heap   total 157696K, used 105336K [0x0000000080000000, 0x0000000100000000)
  region size 1024K, 76 young (77824K), 6 survivors (6144K)
 Metaspace       used 41635K, capacity 42422K, committed 42704K, reserved 1087488K
  class space    used 4378K, capacity 4709K, committed 4736K, reserved 1048576K
}
Event: 47.324 GC heap after
{Heap after GC invocations=14 (full 0):
 garbage-first heap   total 157696K, used 41843K [0x0000000080000000, 0x0000000100000000)
  region size 1024K, 10 young (10240K), 10 survivors (10240K)
 Metaspace       used 41635K, capacity 42422K, committed 42704K, reserved 1087488K
  class space    used 4378K, capacity 4709K, committed 4736K, reserved 1048576K
}
Event: 49.208 GC heap before
{Heap before GC invocations=15 (full 0):
 garbage-first heap   total 157696K, used 111475K [0x0000000080000000, 0x0000000100000000)
  region size 1024K, 76 young (77824K), 10 survivors (10240K)
 Metaspace       used 42855K, capacity 43675K, committed 43856K, reserved 1089536K
  class space    used 4467K, capacity 4783K, committed 4864K, reserved 1048576K
}
Event: 49.235 GC heap after
{Heap after GC invocations=16 (full 0):
 garbage-first heap   total 157696K, used 47104K [0x0000000080000000, 0x0000000100000000)
  region size 1024K, 10 young (10240K), 10 survivors (10240K)
 Metaspace       used 42855K, capacity 43675K, committed 43856K, reserved 1089536K
  class space    used 4467K, capacity 4783K, committed 4864K, reserved 1048576K
}

