# JRE version: Java(TM) SE Runtime Environment 18.9 (11.0.16+11) (build 11.0.16+11-LTS-199)
# Java VM: Java HotSpot(TM) 64-Bit Server VM 18.9 (11.0.16+11-LTS-199, mixed mode, tiered, compressed oops, g1 gc, windows-amd64)
Heap:
 garbage-first heap   total 158720K, used 69649K [0x0000000080000000, 0x0000000100000000)
  region size 1024K, 60 young (61440K), 7 survivors (7168K)
 Metaspace       used 29630K, capacity 30464K, committed 30592K, reserved 1075200K
  class space    used 3519K, capacity 3876K, committed 3968K, reserved 1048576K
GC Heap History (10 events):
Event: 3.302 GC heap before
{Heap before GC invocations=2 (full 0):
 garbage-first heap   total 131072K, used 64448K [0x0000000080000000, 0x0000000100000000)
  region size 1024K, 58 young (59392K), 1 survivors (1024K)
 Metaspace       used 20594K, capacity 21175K, committed 21248K, reserved 1069056K
  class space    used 2295K, capacity 2537K, committed 2560K, reserved 1048576K
}
Event: 3.313 GC heap after
{Heap after GC invocations=3 (full 0):
 garbage-first heap   total 131072K, used 9508K [0x0000000080000000, 0x0000000100000000)
  region size 1024K, 4 young (4096K), 4 survivors (4096K)
 Metaspace       used 20594K, capacity 21175K, committed 21248K, reserved 1069056K
  class space    used 2295K, capacity 2537K, committed 2560K, reserved 1048576K
}
Event: 4.888 GC heap before
{Heap before GC invocations=4 (full 0):
 garbage-first heap   total 131072K, used 66852K [0x0000000080000000, 0x0000000100000000)
  region size 1024K, 61 young (62464K), 4 survivors (4096K)
 Metaspace       used 29127K, capacity 29980K, committed 30336K, reserved 1075200K
  class space    used 3491K, capacity 3866K, committed 3968K, reserved 1048576K
}
Event: 4.904 GC heap after
{Heap after GC invocations=5 (full 0):
 garbage-first heap   total 131072K, used 11801K [0x0000000080000000, 0x0000000100000000)
  region size 1024K, 6 young (6144K), 6 survivors (6144K)
 Metaspace       used 29127K, capacity 29980K, committed 30336K, reserved 1075200K
  class space    used 3491K, capacity 3866K, committed 3968K, reserved 1048576K
}
Event: 5.513 GC heap before
{Heap before GC invocations=5 (full 0):
 garbage-first heap   total 131072K, used 73241K [0x0000000080000000, 0x0000000100000000)
  region size 1024K, 66 young (67584K), 6 survivors (6144K)
 Metaspace       used 29398K, capacity 30239K, committed 30592K, reserved 1075200K
  class space    used 3497K, capacity 3866K, committed 3968K, reserved 1048576K
}
Event: 5.533 GC heap after
{Heap after GC invocations=6 (full 0):
 garbage-first heap   total 158720K, used 13664K [0x0000000080000000, 0x0000000100000000)
  region size 1024K, 7 young (7168K), 7 survivors (7168K)
 Metaspace       used 29398K, capacity 30239K, committed 30592K, reserved 1075200K
  class space    used 3497K, capacity 3866K, committed 3968K, reserved 1048576K
}
Event: 6.265 GC heap before
{Heap before GC invocations=6 (full 0):
 garbage-first heap   total 158720K, used 83296K [0x0000000080000000, 0x0000000100000000)
  region size 1024K, 75 young (76800K), 7 survivors (7168K)
 Metaspace       used 29425K, capacity 30308K, committed 30592K, reserved 1075200K
  class space    used 3502K, capacity 3867K, committed 3968K, reserved 1048576K
}
Event: 6.286 GC heap after
{Heap after GC invocations=7 (full 0):
 garbage-first heap   total 158720K, used 15377K [0x0000000080000000, 0x0000000100000000)
  region size 1024K, 6 young (6144K), 6 survivors (6144K)
 Metaspace       used 29425K, capacity 30308K, committed 30592K, reserved 1075200K
  class space    used 3502K, capacity 3867K, committed 3968K, reserved 1048576K
}
Event: 6.984 GC heap before
{Heap before GC invocations=7 (full 0):
 garbage-first heap   total 158720K, used 104465K [0x0000000080000000, 0x0000000100000000)
  region size 1024K, 93 young (95232K), 6 survivors (6144K)
 Metaspace       used 29441K, capacity 30309K, committed 30592K, reserved 1075200K
  class space    used 3502K, capacity 3867K, committed 3968K, reserved 1048576K
}
Event: 6.999 GC heap after
{Heap after GC invocations=8 (full 0):
 garbage-first heap   total 158720K, used 16401K [0x0000000080000000, 0x0000000100000000)
  region size 1024K, 7 young (7168K), 7 survivors (7168K)
 Metaspace       used 29441K, capacity 30309K, committed 30592K, reserved 1075200K
  class space    used 3502K, capacity 3867K, committed 3968K, reserved 1048576K
}

